#
# There is insufficient memory for the Java Runtime Environment to continue.
# Native memory allocation (malloc) failed to allocate 3384336 bytes for Chunk::new
# Possible reasons:
#   The system is out of physical RAM or swap space
#   The process is running with CompressedOops enabled, and the Java Heap may be blocking the growth of the native heap
# Possible solutions:
#   Reduce memory load on the system
#   Increase physical memory or swap space
#   Check if swap backing store is full
#   Decrease Java heap size (-Xmx/-Xms)
#   Decrease number of Java threads
#   Decrease Java thread stack sizes (-Xss)
#   Set larger code cache with -XX:ReservedCodeCacheSize=
#   JVM is running with Unscaled Compressed Oops mode in which the Java heap is
#     placed in the first 4GB address space. The Java Heap base address is the
#     maximum limit for the native heap growth. Please use -XX:HeapBaseMinAddress
#     to set the Java Heap base and to place the Java Heap above 4GB virtual address.
# This output file may be truncated or incomplete.
#
#  Out of Memory Error (./src/hotspot/share/memory/arena.cpp:197), pid=9728, tid=14588
#
# JRE version: OpenJDK Runtime Environment (11.0.10) (build 11.0.10+0-b96-7249189)
# Java VM: OpenJDK 64-Bit Server VM (11.0.10+0-b96-7249189, mixed mode, tiered, compressed oops, g1 gc, windows-amd64)
# No core dump will be written. Minidumps are not enabled by default on client versions of Windows
#

---------------  S U M M A R Y ------------

Command Line: -agentlib:jdwp=transport=dt_socket,server=n,suspend=y,address=127.0.0.1:57171 --add-opens=java.base/java.util=ALL-UNNAMED --add-opens=java.base/java.lang=ALL-UNNAMED --add-opens=java.base/java.lang.invoke=ALL-UNNAMED --add-opens=java.prefs/java.util.prefs=ALL-UNNAMED -Xmx2048m -Dfile.encoding=UTF-8 -Duser.country=IN -Duser.language=en -Duser.variant org.gradle.launcher.daemon.bootstrap.GradleDaemon 6.7.1

Host: AMD Ryzen 5 3500U with Radeon Vega Mobile Gfx  , 8 cores, 6G,  Windows 10 , 64 bit Build 19041 (10.0.19041.1348)
Time: Fri Nov 26 22:50:30 2021 India Standard Time elapsed time: 14.316760 seconds (0d 0h 0m 14s)

---------------  T H R E A D  ---------------

Current thread (0x000001e11fe99800):  JavaThread "C2 CompilerThread0" daemon [_thread_in_native, id=14588, stack(0x0000008305b00000,0x0000008305c00000)]


Current CompileTask:
C2:  14316 5754       4       java.lang.invoke.LambdaForm$Name::replaceNames (174 bytes)

Stack: [0x0000008305b00000,0x0000008305c00000]
Native frames: (J=compiled Java code, j=interpreted, Vv=VM code, C=native code)
V  [jvm.dll+0x5ecfaa]
V  [jvm.dll+0x722bd5]
V  [jvm.dll+0x72412d]
V  [jvm.dll+0x7247e3]
V  [jvm.dll+0x242928]
V  [jvm.dll+0xbc4fc]
V  [jvm.dll+0xbca0c]
V  [jvm.dll+0x352d7d]
V  [jvm.dll+0x19800c]
V  [jvm.dll+0x1fb70e]
V  [jvm.dll+0x1fa7f4]
V  [jvm.dll+0x18354c]
V  [jvm.dll+0x208ee7]
V  [jvm.dll+0x207731]
V  [jvm.dll+0x6eb1cf]
V  [jvm.dll+0x6e3d45]
V  [jvm.dll+0x5ebe96]
C  [ucrtbase.dll+0x21bb2]
C  [KERNEL32.DLL+0x17034]
C  [ntdll.dll+0x52651]


---------------  P R O C E S S  ---------------

Threads class SMR info:
_java_thread_list=0x000001e126862b90, length=140, elements={
0x000001e10523b000, 0x000001e11fe79800, 0x000001e11fe82800, 0x000001e11fe92800,
0x000001e11fe93800, 0x000001e11fe96000, 0x000001e11fe99800, 0x000001e11fea7000,
0x000001e11feb1000, 0x000001e120976800, 0x000001e120993800, 0x000001e1209ab800,
0x000001e1209b6000, 0x000001e122023000, 0x000001e121f26800, 0x000001e12194c000,
0x000001e121952800, 0x000001e12234e800, 0x000001e12293f000, 0x000001e122b37800,
0x000001e121fed000, 0x000001e121fee800, 0x000001e12206c000, 0x000001e12206d800,
0x000001e12206e800, 0x000001e12206a000, 0x000001e12206c800, 0x000001e12206b000,
0x000001e122068800, 0x000001e122069800, 0x000001e1230aa800, 0x000001e1230ab000,
0x000001e1230ac000, 0x000001e1230af000, 0x000001e1230b0000, 0x000001e1230b1000,
0x000001e1230ad800, 0x000001e1230b5000, 0x000001e1230b2800, 0x000001e1230b7800,
0x000001e1230b4000, 0x000001e1230b6800, 0x000001e1230b5800, 0x000001e1268a5800,
0x000001e1268a4000, 0x000001e1268a6800, 0x000001e1268a2800, 0x000001e1268a5000,
0x000001e1268a3000, 0x000001e1268a7800, 0x000001e1268a8000, 0x000001e1268a9000,
0x000001e1267b2800, 0x000001e1267b3800, 0x000001e1267b4000, 0x000001e1267b5000,
0x000001e1267b6800, 0x000001e1267b6000, 0x000001e1267b1000, 0x000001e1267b7800,
0x000001e1267b1800, 0x000001e1267b8000, 0x000001e1267b9000, 0x000001e1267bc800,
0x000001e1267bf000, 0x000001e1267bf800, 0x000001e1267ba000, 0x000001e1267be000,
0x000001e1267bb800, 0x000001e1267ba800, 0x000001e1267bd000, 0x000001e127ba3000,
0x000001e127ba9800, 0x000001e127ba7800, 0x000001e127ba6800, 0x000001e127ba8000,
0x000001e127ba9000, 0x000001e127ba5800, 0x000001e127ba4000, 0x000001e127baa800,
0x000001e127ba5000, 0x000001e127bae000, 0x000001e127bac000, 0x000001e127bb1000,
0x000001e127baf800, 0x000001e127bae800, 0x000001e127bb0000, 0x000001e127bab800,
0x000001e127bb2000, 0x000001e127bad000, 0x000001e127bd9000, 0x000001e127bd9800,
0x000001e127bd5800, 0x000001e127bd6800, 0x000001e127bd7000, 0x000001e127bda800,
0x000001e127bd8000, 0x000001e127bd4800, 0x000001e127be0000, 0x000001e127bdb000,
0x000001e127be2000, 0x000001e127bde800, 0x000001e127bdd000, 0x000001e127bdc000,
0x000001e127bdd800, 0x000001e127bdf800, 0x000001e127be1000, 0x000001e127be2800,
0x000001e127be3800, 0x000001e127a88000, 0x000001e127a89000, 0x000001e127a8c000,
0x000001e127a8b800, 0x000001e127a8d000, 0x000001e127a87000, 0x000001e127a8e000,
0x000001e127a89800, 0x000001e127a8e800, 0x000001e127a8f800, 0x000001e127a90000,
0x000001e127a8a800, 0x000001e127a92000, 0x000001e127a91000, 0x000001e127a92800,
0x000001e127a93800, 0x000001e127a94800, 0x000001e127a95000, 0x000001e127a96000,
0x000001e126c11800, 0x000001e126c16000, 0x000001e126c12000, 0x000001e126c13800,
0x000001e126c15800, 0x000001e126c18800, 0x000001e126c17000, 0x000001e126c18000,
0x000001e126c14800, 0x000001e126c13000, 0x000001e126c1f000, 0x000001e126c1b000
}

Java Threads: ( => current thread )
  0x000001e10523b000 JavaThread "main" [_thread_blocked, id=19496, stack(0x0000008304f00000,0x0000008305000000)]
  0x000001e11fe79800 JavaThread "Reference Handler" daemon [_thread_blocked, id=10992, stack(0x0000008305600000,0x0000008305700000)]
  0x000001e11fe82800 JavaThread "Finalizer" daemon [_thread_blocked, id=11492, stack(0x0000008305700000,0x0000008305800000)]
  0x000001e11fe92800 JavaThread "Signal Dispatcher" daemon [_thread_blocked, id=7808, stack(0x0000008305800000,0x0000008305900000)]
  0x000001e11fe93800 JavaThread "Attach Listener" daemon [_thread_blocked, id=18192, stack(0x0000008305900000,0x0000008305a00000)]
  0x000001e11fe96000 JavaThread "Service Thread" daemon [_thread_blocked, id=17588, stack(0x0000008305a00000,0x0000008305b00000)]
=>0x000001e11fe99800 JavaThread "C2 CompilerThread0" daemon [_thread_in_native, id=14588, stack(0x0000008305b00000,0x0000008305c00000)]
  0x000001e11fea7000 JavaThread "C1 CompilerThread0" daemon [_thread_in_native, id=19248, stack(0x0000008305c00000,0x0000008305d00000)]
  0x000001e11feb1000 JavaThread "Sweeper thread" daemon [_thread_blocked, id=19344, stack(0x0000008305d00000,0x0000008305e00000)]
  0x000001e120976800 JavaThread "Common-Cleaner" daemon [_thread_blocked, id=9104, stack(0x0000008305e00000,0x0000008305f00000)]
  0x000001e120993800 JavaThread "JDWP Transport Listener: dt_socket" daemon [_thread_blocked, id=2004, stack(0x0000008305f00000,0x0000008306000000)]
  0x000001e1209ab800 JavaThread "JDWP Event Helper Thread" daemon [_thread_blocked, id=19652, stack(0x0000008306000000,0x0000008306100000)]
  0x000001e1209b6000 JavaThread "JDWP Command Reader" daemon [_thread_in_native, id=15716, stack(0x0000008306100000,0x0000008306200000)]
  0x000001e122023000 JavaThread "Daemon health stats" [_thread_blocked, id=16272, stack(0x0000008306400000,0x0000008306500000)]
  0x000001e121f26800 JavaThread "Incoming local TCP Connector on port 57179" [_thread_in_native, id=3372, stack(0x0000008306700000,0x0000008306800000)]
  0x000001e12194c000 JavaThread "Daemon periodic checks" [_thread_blocked, id=21980, stack(0x0000008306800000,0x0000008306900000)]
  0x000001e121952800 JavaThread "Daemon" [_thread_blocked, id=1128, stack(0x0000008306900000,0x0000008306a00000)]
  0x000001e12234e800 JavaThread "Handler for socket connection from /127.0.0.1:57179 to /127.0.0.1:57180" [_thread_in_native, id=13536, stack(0x0000008306a00000,0x0000008306b00000)]
  0x000001e12293f000 JavaThread "Cancel handler" [_thread_blocked, id=5384, stack(0x0000008306b00000,0x0000008306c00000)]
  0x000001e122b37800 JavaThread "Daemon worker" [_thread_in_Java, id=18048, stack(0x0000008306c00000,0x0000008306d00000)]
  0x000001e121fed000 JavaThread "Asynchronous log dispatcher for DefaultDaemonConnection: socket connection from /127.0.0.1:57179 to /127.0.0.1:57180" [_thread_blocked, id=3576, stack(0x0000008306d00000,0x0000008306e00000)]
  0x000001e121fee800 JavaThread "Stdin handler" [_thread_blocked, id=21700, stack(0x0000008306e00000,0x0000008306f00000)]
  0x000001e12206c000 JavaThread "Thread-8" [_thread_blocked, id=2952, stack(0x0000008306f00000,0x0000008307000000)]
  0x000001e12206d800 JavaThread "Cache worker for file hash cache (C:\Users\Ashu_Upmi\.gradle\caches\6.7.1\fileHashes)" [_thread_blocked, id=10720, stack(0x0000008307700000,0x0000008307800000)]
  0x000001e12206e800 JavaThread "File lock request listener" [_thread_in_native, id=20724, stack(0x0000008307800000,0x0000008307900000)]
  0x000001e12206a000 JavaThread "Cache worker for journal cache (C:\Users\Ashu_Upmi\.gradle\caches\journal-1)" [_thread_blocked, id=14908, stack(0x0000008307a00000,0x0000008307b00000)]
  0x000001e12206c800 JavaThread "Cache worker for file hash cache (D:\Prabhakar\Full Stack Android Development\Assignments\Week 13\Day-02\ShopClues-Shopping-app\.gradle\6.7.1\fileHashes)" [_thread_blocked, id=18132, stack(0x0000008307b00000,0x0000008307c00000)]
  0x000001e12206b000 JavaThread "Cache worker for checksums cache (D:\Prabhakar\Full Stack Android Development\Assignments\Week 13\Day-02\ShopClues-Shopping-app\.gradle\checksums)" [_thread_blocked, id=3940, stack(0x0000008307c00000,0x0000008307d00000)]
  0x000001e122068800 JavaThread "Cache worker for cache directory md-supplier (C:\Users\Ashu_Upmi\.gradle\caches\6.7.1\md-supplier)" [_thread_blocked, id=14980, stack(0x0000008307d00000,0x0000008307e00000)]
  0x000001e122069800 JavaThread "Cache worker for cache directory md-rule (C:\Users\Ashu_Upmi\.gradle\caches\6.7.1\md-rule)" [_thread_blocked, id=12440, stack(0x0000008307e00000,0x0000008307f00000)]
  0x000001e1230aa800 JavaThread "Cache worker for execution history cache (C:\Users\Ashu_Upmi\.gradle\caches\6.7.1\executionHistory)" [_thread_blocked, id=16832, stack(0x0000008307f00000,0x0000008308000000)]
  0x000001e1230ab000 JavaThread "jar transforms" [_thread_blocked, id=13044, stack(0x0000008308000000,0x0000008308100000)]
  0x000001e1230ac000 JavaThread "Cache worker for file content cache (C:\Users\Ashu_Upmi\.gradle\caches\6.7.1\fileContent)" [_thread_blocked, id=16604, stack(0x0000008308100000,0x0000008308200000)]
  0x000001e1230af000 JavaThread "Cache worker for Build Output Cleanup Cache (D:\Prabhakar\Full Stack Android Development\Assignments\Week 13\Day-02\ShopClues-Shopping-app\.gradle\buildOutputCleanup)" [_thread_blocked, id=10324, stack(0x0000008308200000,0x0000008308300000)]
  0x000001e1230b0000 JavaThread "Build operations" [_thread_blocked, id=2212, stack(0x0000008308300000,0x0000008308400000)]
  0x000001e1230b1000 JavaThread "Build operations Thread 2" [_thread_blocked, id=3452, stack(0x0000008308400000,0x0000008308500000)]
  0x000001e1230ad800 JavaThread "Build operations Thread 3" [_thread_blocked, id=11272, stack(0x0000008308500000,0x0000008308600000)]
  0x000001e1230b5000 JavaThread "Build operations Thread 4" [_thread_blocked, id=2260, stack(0x0000008308600000,0x0000008308700000)]
  0x000001e1230b2800 JavaThread "Build operations Thread 5" [_thread_blocked, id=17340, stack(0x0000008308700000,0x0000008308800000)]
  0x000001e1230b7800 JavaThread "Build operations Thread 6" [_thread_blocked, id=19192, stack(0x0000008308800000,0x0000008308900000)]
  0x000001e1230b4000 JavaThread "Build operations Thread 7" [_thread_blocked, id=20820, stack(0x0000008308900000,0x0000008308a00000)]
  0x000001e1230b6800 JavaThread "Build operations Thread 8" [_thread_blocked, id=13532, stack(0x0000008308a00000,0x0000008308b00000)]
  0x000001e1230b5800 JavaThread "jar transforms Thread 2" [_thread_blocked, id=8156, stack(0x0000008308b00000,0x0000008308c00000)]
  0x000001e1268a5800 JavaThread "jar transforms Thread 3" [_thread_blocked, id=14008, stack(0x0000008308c00000,0x0000008308d00000)]
  0x000001e1268a4000 JavaThread "jar transforms Thread 4" [_thread_blocked, id=19392, stack(0x0000008308d00000,0x0000008308e00000)]
  0x000001e1268a6800 JavaThread "jar transforms Thread 5" [_thread_blocked, id=12124, stack(0x0000008308e00000,0x0000008308f00000)]
  0x000001e1268a2800 JavaThread "jar transforms Thread 6" [_thread_blocked, id=20048, stack(0x0000008308f00000,0x0000008309000000)]
  0x000001e1268a5000 JavaThread "jar transforms Thread 7" [_thread_blocked, id=11696, stack(0x0000008309000000,0x0000008309100000)]
  0x000001e1268a3000 JavaThread "jar transforms Thread 8" [_thread_blocked, id=6048, stack(0x0000008309100000,0x0000008309200000)]
  0x000001e1268a7800 JavaThread "jar transforms Thread 9" [_thread_blocked, id=3788, stack(0x0000008309200000,0x0000008309300000)]
  0x000001e1268a8000 JavaThread "jar transforms Thread 10" [_thread_blocked, id=4024, stack(0x0000008309300000,0x0000008309400000)]
  0x000001e1268a9000 JavaThread "jar transforms Thread 11" [_thread_blocked, id=18452, stack(0x0000008309400000,0x0000008309500000)]
  0x000001e1267b2800 JavaThread "jar transforms Thread 12" [_thread_blocked, id=4252, stack(0x0000008309500000,0x0000008309600000)]
  0x000001e1267b3800 JavaThread "jar transforms Thread 13" [_thread_blocked, id=12992, stack(0x0000008309600000,0x0000008309700000)]
  0x000001e1267b4000 JavaThread "jar transforms Thread 14" [_thread_blocked, id=16516, stack(0x0000008309700000,0x0000008309800000)]
  0x000001e1267b5000 JavaThread "jar transforms Thread 15" [_thread_blocked, id=19032, stack(0x0000008309800000,0x0000008309900000)]
  0x000001e1267b6800 JavaThread "jar transforms Thread 16" [_thread_blocked, id=13996, stack(0x0000008309900000,0x0000008309a00000)]
  0x000001e1267b6000 JavaThread "jar transforms Thread 17" [_thread_blocked, id=9476, stack(0x0000008309a00000,0x0000008309b00000)]
  0x000001e1267b1000 JavaThread "jar transforms Thread 18" [_thread_blocked, id=9840, stack(0x0000008309b00000,0x0000008309c00000)]
  0x000001e1267b7800 JavaThread "jar transforms Thread 19" [_thread_blocked, id=18960, stack(0x0000008309c00000,0x0000008309d00000)]
  0x000001e1267b1800 JavaThread "jar transforms Thread 20" [_thread_blocked, id=12260, stack(0x0000008309d00000,0x0000008309e00000)]
  0x000001e1267b8000 JavaThread "jar transforms Thread 21" [_thread_blocked, id=17524, stack(0x0000008309e00000,0x0000008309f00000)]
  0x000001e1267b9000 JavaThread "jar transforms Thread 22" [_thread_blocked, id=20940, stack(0x0000008309f00000,0x000000830a000000)]
  0x000001e1267bc800 JavaThread "jar transforms Thread 23" [_thread_blocked, id=18856, stack(0x000000830a000000,0x000000830a100000)]
  0x000001e1267bf000 JavaThread "jar transforms Thread 24" [_thread_blocked, id=8216, stack(0x000000830a100000,0x000000830a200000)]
  0x000001e1267bf800 JavaThread "jar transforms Thread 25" [_thread_blocked, id=8896, stack(0x000000830a200000,0x000000830a300000)]
  0x000001e1267ba000 JavaThread "jar transforms Thread 26" [_thread_blocked, id=20932, stack(0x000000830a300000,0x000000830a400000)]
  0x000001e1267be000 JavaThread "jar transforms Thread 27" [_thread_blocked, id=14964, stack(0x000000830a400000,0x000000830a500000)]
  0x000001e1267bb800 JavaThread "jar transforms Thread 28" [_thread_blocked, id=19300, stack(0x000000830a500000,0x000000830a600000)]
  0x000001e1267ba800 JavaThread "jar transforms Thread 29" [_thread_blocked, id=7700, stack(0x000000830a600000,0x000000830a700000)]
  0x000001e1267bd000 JavaThread "jar transforms Thread 30" [_thread_blocked, id=14808, stack(0x000000830a700000,0x000000830a800000)]
  0x000001e127ba3000 JavaThread "jar transforms Thread 31" [_thread_blocked, id=568, stack(0x000000830a800000,0x000000830a900000)]
  0x000001e127ba9800 JavaThread "jar transforms Thread 32" [_thread_blocked, id=11860, stack(0x000000830a900000,0x000000830aa00000)]
  0x000001e127ba7800 JavaThread "jar transforms Thread 33" [_thread_blocked, id=11524, stack(0x000000830aa00000,0x000000830ab00000)]
  0x000001e127ba6800 JavaThread "jar transforms Thread 34" [_thread_blocked, id=2596, stack(0x000000830ab00000,0x000000830ac00000)]
  0x000001e127ba8000 JavaThread "jar transforms Thread 35" [_thread_blocked, id=13244, stack(0x000000830ac00000,0x000000830ad00000)]
  0x000001e127ba9000 JavaThread "jar transforms Thread 36" [_thread_blocked, id=14304, stack(0x000000830ad00000,0x000000830ae00000)]
  0x000001e127ba5800 JavaThread "jar transforms Thread 37" [_thread_blocked, id=3868, stack(0x000000830ae00000,0x000000830af00000)]
  0x000001e127ba4000 JavaThread "jar transforms Thread 38" [_thread_blocked, id=18664, stack(0x000000830af00000,0x000000830b000000)]
  0x000001e127baa800 JavaThread "jar transforms Thread 39" [_thread_blocked, id=19600, stack(0x000000830b000000,0x000000830b100000)]
  0x000001e127ba5000 JavaThread "jar transforms Thread 40" [_thread_blocked, id=10440, stack(0x000000830b100000,0x000000830b200000)]
  0x000001e127bae000 JavaThread "jar transforms Thread 41" [_thread_blocked, id=980, stack(0x000000830b200000,0x000000830b300000)]
  0x000001e127bac000 JavaThread "jar transforms Thread 42" [_thread_blocked, id=16920, stack(0x000000830b300000,0x000000830b400000)]
  0x000001e127bb1000 JavaThread "jar transforms Thread 43" [_thread_blocked, id=10948, stack(0x000000830b400000,0x000000830b500000)]
  0x000001e127baf800 JavaThread "jar transforms Thread 44" [_thread_blocked, id=17352, stack(0x000000830b500000,0x000000830b600000)]
  0x000001e127bae800 JavaThread "jar transforms Thread 45" [_thread_blocked, id=5504, stack(0x000000830b600000,0x000000830b700000)]
  0x000001e127bb0000 JavaThread "jar transforms Thread 46" [_thread_blocked, id=1308, stack(0x000000830b700000,0x000000830b800000)]
  0x000001e127bab800 JavaThread "jar transforms Thread 47" [_thread_blocked, id=4060, stack(0x000000830b800000,0x000000830b900000)]
  0x000001e127bb2000 JavaThread "jar transforms Thread 48" [_thread_blocked, id=10780, stack(0x000000830b900000,0x000000830ba00000)]
  0x000001e127bad000 JavaThread "jar transforms Thread 49" [_thread_blocked, id=20988, stack(0x000000830ba00000,0x000000830bb00000)]
  0x000001e127bd9000 JavaThread "jar transforms Thread 50" [_thread_blocked, id=21856, stack(0x000000830bb00000,0x000000830bc00000)]
  0x000001e127bd9800 JavaThread "jar transforms Thread 51" [_thread_blocked, id=12280, stack(0x000000830bc00000,0x000000830bd00000)]
  0x000001e127bd5800 JavaThread "jar transforms Thread 52" [_thread_blocked, id=20040, stack(0x000000830bd00000,0x000000830be00000)]
  0x000001e127bd6800 JavaThread "jar transforms Thread 53" [_thread_blocked, id=12160, stack(0x000000830be00000,0x000000830bf00000)]
  0x000001e127bd7000 JavaThread "jar transforms Thread 54" [_thread_blocked, id=7240, stack(0x000000830bf00000,0x000000830c000000)]
  0x000001e127bda800 JavaThread "jar transforms Thread 55" [_thread_blocked, id=17868, stack(0x000000830c000000,0x000000830c100000)]
  0x000001e127bd8000 JavaThread "jar transforms Thread 56" [_thread_blocked, id=20880, stack(0x000000830c100000,0x000000830c200000)]
  0x000001e127bd4800 JavaThread "jar transforms Thread 57" [_thread_blocked, id=8252, stack(0x000000830c200000,0x000000830c300000)]
  0x000001e127be0000 JavaThread "jar transforms Thread 58" [_thread_blocked, id=19924, stack(0x000000830c300000,0x000000830c400000)]
  0x000001e127bdb000 JavaThread "jar transforms Thread 59" [_thread_blocked, id=18316, stack(0x000000830c400000,0x000000830c500000)]
  0x000001e127be2000 JavaThread "jar transforms Thread 60" [_thread_blocked, id=21144, stack(0x000000830c500000,0x000000830c600000)]
  0x000001e127bde800 JavaThread "jar transforms Thread 61" [_thread_blocked, id=16136, stack(0x000000830c600000,0x000000830c700000)]
  0x000001e127bdd000 JavaThread "jar transforms Thread 62" [_thread_blocked, id=16324, stack(0x000000830c700000,0x000000830c800000)]
  0x000001e127bdc000 JavaThread "jar transforms Thread 63" [_thread_blocked, id=15348, stack(0x000000830c800000,0x000000830c900000)]
  0x000001e127bdd800 JavaThread "jar transforms Thread 64" [_thread_blocked, id=7656, stack(0x000000830c900000,0x000000830ca00000)]
  0x000001e127bdf800 JavaThread "jar transforms Thread 65" [_thread_blocked, id=20468, stack(0x000000830ca00000,0x000000830cb00000)]
  0x000001e127be1000 JavaThread "jar transforms Thread 66" [_thread_blocked, id=996, stack(0x000000830cb00000,0x000000830cc00000)]
  0x000001e127be2800 JavaThread "jar transforms Thread 67" [_thread_blocked, id=18440, stack(0x000000830cc00000,0x000000830cd00000)]
  0x000001e127be3800 JavaThread "jar transforms Thread 68" [_thread_blocked, id=22224, stack(0x000000830cd00000,0x000000830ce00000)]
  0x000001e127a88000 JavaThread "jar transforms Thread 69" [_thread_blocked, id=19452, stack(0x000000830ce00000,0x000000830cf00000)]
  0x000001e127a89000 JavaThread "jar transforms Thread 70" [_thread_blocked, id=20640, stack(0x000000830cf00000,0x000000830d000000)]
  0x000001e127a8c000 JavaThread "jar transforms Thread 71" [_thread_blocked, id=14696, stack(0x000000830d000000,0x000000830d100000)]
  0x000001e127a8b800 JavaThread "jar transforms Thread 72" [_thread_blocked, id=13588, stack(0x000000830d100000,0x000000830d200000)]
  0x000001e127a8d000 JavaThread "jar transforms Thread 73" [_thread_blocked, id=2820, stack(0x000000830d200000,0x000000830d300000)]
  0x000001e127a87000 JavaThread "jar transforms Thread 74" [_thread_blocked, id=17040, stack(0x000000830d300000,0x000000830d400000)]
  0x000001e127a8e000 JavaThread "jar transforms Thread 75" [_thread_blocked, id=1632, stack(0x000000830d400000,0x000000830d500000)]
  0x000001e127a89800 JavaThread "jar transforms Thread 76" [_thread_blocked, id=10392, stack(0x000000830d500000,0x000000830d600000)]
  0x000001e127a8e800 JavaThread "jar transforms Thread 77" [_thread_blocked, id=20888, stack(0x000000830d600000,0x000000830d700000)]
  0x000001e127a8f800 JavaThread "jar transforms Thread 78" [_thread_blocked, id=16008, stack(0x000000830d700000,0x000000830d800000)]
  0x000001e127a90000 JavaThread "jar transforms Thread 79" [_thread_blocked, id=16244, stack(0x000000830d800000,0x000000830d900000)]
  0x000001e127a8a800 JavaThread "jar transforms Thread 80" [_thread_blocked, id=9108, stack(0x000000830d900000,0x000000830da00000)]
  0x000001e127a92000 JavaThread "jar transforms Thread 81" [_thread_blocked, id=18216, stack(0x000000830da00000,0x000000830db00000)]
  0x000001e127a91000 JavaThread "jar transforms Thread 82" [_thread_blocked, id=11644, stack(0x000000830db00000,0x000000830dc00000)]
  0x000001e127a92800 JavaThread "jar transforms Thread 83" [_thread_blocked, id=12380, stack(0x000000830dc00000,0x000000830dd00000)]
  0x000001e127a93800 JavaThread "jar transforms Thread 84" [_thread_blocked, id=19048, stack(0x000000830dd00000,0x000000830de00000)]
  0x000001e127a94800 JavaThread "jar transforms Thread 85" [_thread_blocked, id=748, stack(0x000000830de00000,0x000000830df00000)]
  0x000001e127a95000 JavaThread "jar transforms Thread 86" [_thread_blocked, id=6608, stack(0x000000830df00000,0x000000830e000000)]
  0x000001e127a96000 JavaThread "jar transforms Thread 87" [_thread_blocked, id=18636, stack(0x000000830e000000,0x000000830e100000)]
  0x000001e126c11800 JavaThread "jar transforms Thread 88" [_thread_blocked, id=11472, stack(0x000000830e100000,0x000000830e200000)]
  0x000001e126c16000 JavaThread "jar transforms Thread 89" [_thread_blocked, id=21872, stack(0x000000830e200000,0x000000830e300000)]
  0x000001e126c12000 JavaThread "jar transforms Thread 90" [_thread_blocked, id=8176, stack(0x000000830e300000,0x000000830e400000)]
  0x000001e126c13800 JavaThread "jar transforms Thread 91" [_thread_blocked, id=10436, stack(0x000000830e400000,0x000000830e500000)]
  0x000001e126c15800 JavaThread "jar transforms Thread 92" [_thread_blocked, id=20008, stack(0x000000830e500000,0x000000830e600000)]
  0x000001e126c18800 JavaThread "jar transforms Thread 93" [_thread_blocked, id=9732, stack(0x000000830e600000,0x000000830e700000)]
  0x000001e126c17000 JavaThread "jar transforms Thread 94" [_thread_blocked, id=3068, stack(0x000000830e700000,0x000000830e800000)]
  0x000001e126c18000 JavaThread "jar transforms Thread 95" [_thread_blocked, id=4992, stack(0x000000830e800000,0x000000830e900000)]
  0x000001e126c14800 JavaThread "jar transforms Thread 96" [_thread_blocked, id=19756, stack(0x000000830e900000,0x000000830ea00000)]
  0x000001e126c13000 JavaThread "jar transforms Thread 97" [_thread_blocked, id=18532, stack(0x000000830ea00000,0x000000830eb00000)]
  0x000001e126c1f000 JavaThread "jar transforms Thread 98" [_thread_blocked, id=11564, stack(0x000000830eb00000,0x000000830ec00000)]
  0x000001e126c1b000 JavaThread "jar transforms Thread 99" [_thread_blocked, id=19588, stack(0x000000830ec00000,0x000000830ed00000)]

Other Threads:
  0x000001e11fe75000 VMThread "VM Thread" [stack: 0x0000008305500000,0x0000008305600000] [id=14060]
  0x000001e1209b9800 WatcherThread [stack: 0x0000008306200000,0x0000008306300000] [id=5796]
  0x000001e105252800 GCTaskThread "GC Thread#0" [stack: 0x0000008305000000,0x0000008305100000] [id=16692]
  0x000001e12147c800 GCTaskThread "GC Thread#1" [stack: 0x0000008306300000,0x0000008306400000] [id=8460]
  0x000001e122b36000 GCTaskThread "GC Thread#2" [stack: 0x0000008307000000,0x0000008307100000] [id=13252]
  0x000001e12208c000 GCTaskThread "GC Thread#3" [stack: 0x0000008307100000,0x0000008307200000] [id=10728]
  0x000001e12293b800 GCTaskThread "GC Thread#4" [stack: 0x0000008307200000,0x0000008307300000] [id=8000]
  0x000001e1229a2800 GCTaskThread "GC Thread#5" [stack: 0x0000008307300000,0x0000008307400000] [id=11992]
  0x000001e122aef800 GCTaskThread "GC Thread#6" [stack: 0x0000008307400000,0x0000008307500000] [id=13336]
  0x000001e122af0800 GCTaskThread "GC Thread#7" [stack: 0x0000008307500000,0x0000008307600000] [id=11380]
  0x000001e105282800 ConcurrentGCThread "G1 Main Marker" [stack: 0x0000008305100000,0x0000008305200000] [id=11768]
  0x000001e105285000 ConcurrentGCThread "G1 Conc#0" [stack: 0x0000008305200000,0x0000008305300000] [id=12844]
  0x000001e122b66000 ConcurrentGCThread "G1 Conc#1" [stack: 0x0000008307900000,0x0000008307a00000] [id=6600]
  0x000001e105316800 ConcurrentGCThread "G1 Refine#0" [stack: 0x0000008305300000,0x0000008305400000] [id=10048]
  0x000001e121552000 ConcurrentGCThread "G1 Refine#1" [stack: 0x0000008307600000,0x0000008307700000] [id=20092]
  0x000001e105317800 ConcurrentGCThread "G1 Young RemSet Sampling" [stack: 0x0000008305400000,0x0000008305500000] [id=4920]

Threads with active compile tasks:
C2 CompilerThread0  14370 5754       4       java.lang.invoke.LambdaForm$Name::replaceNames (174 bytes)
C1 CompilerThread0  14370 5972       2       com.google.common.collect.ImmutableMap$Builder::putAll (62 bytes)

VM state:not at safepoint (normal execution)

VM Mutex/Monitor currently owned by a thread: None

Heap address: 0x0000000080000000, size: 2048 MB, Compressed Oops mode: 32-bit
Narrow klass base: 0x0000000000000000, Narrow klass shift: 3
Compressed class space size: 1073741824 Address: 0x0000000100000000

Heap:
 garbage-first heap   total 114688K, used 59820K [0x0000000080000000, 0x0000000100000000)
  region size 1024K, 19 young (19456K), 3 survivors (3072K)
 Metaspace       used 58154K, capacity 59502K, committed 59648K, reserved 1101824K
  class space    used 7135K, capacity 7571K, committed 7680K, reserved 1048576K
Heap Regions: E=young(eden), S=young(survivor), O=old, HS=humongous(starts), HC=humongous(continues), CS=collection set, F=free, A=archive, TAMS=top-at-mark-start (previous, next)
|   0|0x0000000080000000, 0x0000000080100000, 0x0000000080100000|100%| O|  |TAMS 0x0000000080100000, 0x0000000080000000| Untracked 
|   1|0x0000000080100000, 0x0000000080200000, 0x0000000080200000|100%| O|  |TAMS 0x0000000080200000, 0x0000000080100000| Untracked 
|   2|0x0000000080200000, 0x0000000080300000, 0x0000000080300000|100%| O|  |TAMS 0x0000000080300000, 0x0000000080200000| Untracked 
|   3|0x0000000080300000, 0x0000000080400000, 0x0000000080400000|100%|HS|  |TAMS 0x0000000080400000, 0x0000000080300000| Complete 
|   4|0x0000000080400000, 0x0000000080500000, 0x0000000080500000|100%|HC|  |TAMS 0x0000000080500000, 0x0000000080400000| Complete 
|   5|0x0000000080500000, 0x0000000080600000, 0x0000000080600000|100%|HC|  |TAMS 0x0000000080600000, 0x0000000080500000| Complete 
|   6|0x0000000080600000, 0x0000000080700000, 0x0000000080700000|100%| O|  |TAMS 0x0000000080700000, 0x0000000080600000| Untracked 
|   7|0x0000000080700000, 0x0000000080800000, 0x0000000080800000|100%| O|  |TAMS 0x0000000080800000, 0x0000000080700000| Untracked 
|   8|0x0000000080800000, 0x0000000080900000, 0x0000000080900000|100%| O|  |TAMS 0x0000000080900000, 0x0000000080800000| Untracked 
|   9|0x0000000080900000, 0x0000000080a00000, 0x0000000080a00000|100%| O|  |TAMS 0x0000000080a00000, 0x0000000080900000| Untracked 
|  10|0x0000000080a00000, 0x0000000080b00000, 0x0000000080b00000|100%| O|  |TAMS 0x0000000080b00000, 0x0000000080a00000| Untracked 
|  11|0x0000000080b00000, 0x0000000080c00000, 0x0000000080c00000|100%| O|  |TAMS 0x0000000080c00000, 0x0000000080b00000| Untracked 
|  12|0x0000000080c00000, 0x0000000080d00000, 0x0000000080d00000|100%| O|  |TAMS 0x0000000080d00000, 0x0000000080c00000| Untracked 
|  13|0x0000000080d00000, 0x0000000080e00000, 0x0000000080e00000|100%| O|  |TAMS 0x0000000080e00000, 0x0000000080d00000| Untracked 
|  14|0x0000000080e00000, 0x0000000080f00000, 0x0000000080f00000|100%| O|  |TAMS 0x0000000080f00000, 0x0000000080e00000| Untracked 
|  15|0x0000000080f00000, 0x0000000081000000, 0x0000000081000000|100%| O|  |TAMS 0x0000000081000000, 0x0000000080f00000| Untracked 
|  16|0x0000000081000000, 0x0000000081100000, 0x0000000081100000|100%| O|  |TAMS 0x000000008101a200, 0x0000000081000000| Untracked 
|  17|0x0000000081100000, 0x0000000081200000, 0x0000000081200000|100%| O|  |TAMS 0x0000000081100000, 0x0000000081100000| Untracked 
|  18|0x0000000081200000, 0x0000000081300000, 0x0000000081300000|100%| O|  |TAMS 0x0000000081200000, 0x0000000081200000| Untracked 
|  19|0x0000000081300000, 0x0000000081400000, 0x0000000081400000|100%| O|  |TAMS 0x0000000081300000, 0x0000000081300000| Untracked 
|  20|0x0000000081400000, 0x0000000081500000, 0x0000000081500000|100%| O|  |TAMS 0x0000000081400000, 0x0000000081400000| Untracked 
|  21|0x0000000081500000, 0x0000000081600000, 0x0000000081600000|100%| O|  |TAMS 0x0000000081500000, 0x0000000081500000| Untracked 
|  22|0x0000000081600000, 0x0000000081700000, 0x0000000081700000|100%| O|  |TAMS 0x0000000081600000, 0x0000000081600000| Untracked 
|  23|0x0000000081700000, 0x0000000081800000, 0x0000000081800000|100%| O|  |TAMS 0x0000000081700000, 0x0000000081700000| Untracked 
|  24|0x0000000081800000, 0x0000000081900000, 0x0000000081900000|100%| O|  |TAMS 0x0000000081800000, 0x0000000081800000| Untracked 
|  25|0x0000000081900000, 0x0000000081a00000, 0x0000000081a00000|100%|HS|  |TAMS 0x0000000081900000, 0x0000000081900000| Complete 
|  26|0x0000000081a00000, 0x0000000081b00000, 0x0000000081b00000|100%|HS|  |TAMS 0x0000000081a00000, 0x0000000081a00000| Complete 
|  27|0x0000000081b00000, 0x0000000081c00000, 0x0000000081c00000|100%|HC|  |TAMS 0x0000000081b00000, 0x0000000081b00000| Complete 
|  28|0x0000000081c00000, 0x0000000081d00000, 0x0000000081d00000|100%| O|  |TAMS 0x0000000081c00000, 0x0000000081c00000| Untracked 
|  29|0x0000000081d00000, 0x0000000081e00000, 0x0000000081e00000|100%| O|  |TAMS 0x0000000081d00000, 0x0000000081d00000| Untracked 
|  30|0x0000000081e00000, 0x0000000081f00000, 0x0000000081f00000|100%| O|  |TAMS 0x0000000081e00000, 0x0000000081e00000| Untracked 
|  31|0x0000000081f00000, 0x0000000082000000, 0x0000000082000000|100%| O|  |TAMS 0x0000000081f00000, 0x0000000081f00000| Untracked 
|  32|0x0000000082000000, 0x0000000082100000, 0x0000000082100000|100%| O|  |TAMS 0x0000000082000000, 0x0000000082000000| Untracked 
|  33|0x0000000082100000, 0x0000000082200000, 0x0000000082200000|100%| O|  |TAMS 0x0000000082100000, 0x0000000082100000| Untracked 
|  34|0x0000000082200000, 0x0000000082300000, 0x0000000082300000|100%| O|  |TAMS 0x0000000082200000, 0x0000000082200000| Untracked 
|  35|0x0000000082300000, 0x0000000082400000, 0x0000000082400000|100%| O|  |TAMS 0x0000000082300000, 0x0000000082300000| Untracked 
|  36|0x0000000082400000, 0x0000000082500000, 0x0000000082500000|100%| O|  |TAMS 0x0000000082400000, 0x0000000082400000| Untracked 
|  37|0x0000000082500000, 0x0000000082600000, 0x0000000082600000|100%| O|  |TAMS 0x0000000082500000, 0x0000000082500000| Untracked 
|  38|0x0000000082600000, 0x0000000082700000, 0x0000000082700000|100%| O|  |TAMS 0x0000000082600000, 0x0000000082600000| Untracked 
|  39|0x0000000082700000, 0x0000000082800000, 0x0000000082800000|100%| O|  |TAMS 0x0000000082700000, 0x0000000082700000| Untracked 
|  40|0x0000000082800000, 0x0000000082900000, 0x0000000082900000|100%| O|  |TAMS 0x0000000082800000, 0x0000000082800000| Untracked 
|  41|0x0000000082900000, 0x000000008291f400, 0x0000000082a00000| 12%| O|  |TAMS 0x0000000082900000, 0x0000000082900000| Untracked 
|  42|0x0000000082a00000, 0x0000000082a00000, 0x0000000082b00000|  0%| F|  |TAMS 0x0000000082a00000, 0x0000000082a00000| Untracked 
|  43|0x0000000082b00000, 0x0000000082b00000, 0x0000000082c00000|  0%| F|  |TAMS 0x0000000082b00000, 0x0000000082b00000| Untracked 
|  44|0x0000000082c00000, 0x0000000082c00000, 0x0000000082d00000|  0%| F|  |TAMS 0x0000000082c00000, 0x0000000082c00000| Untracked 
|  45|0x0000000082d00000, 0x0000000082d00000, 0x0000000082e00000|  0%| F|  |TAMS 0x0000000082d00000, 0x0000000082d00000| Untracked 
|  46|0x0000000082e00000, 0x0000000082e00000, 0x0000000082f00000|  0%| F|  |TAMS 0x0000000082e00000, 0x0000000082e00000| Untracked 
|  47|0x0000000082f00000, 0x0000000082f00000, 0x0000000083000000|  0%| F|  |TAMS 0x0000000082f00000, 0x0000000082f00000| Untracked 
|  48|0x0000000083000000, 0x0000000083000000, 0x0000000083100000|  0%| F|  |TAMS 0x0000000083000000, 0x0000000083000000| Untracked 
|  49|0x0000000083100000, 0x0000000083100000, 0x0000000083200000|  0%| F|  |TAMS 0x0000000083100000, 0x0000000083100000| Untracked 
|  50|0x0000000083200000, 0x0000000083200000, 0x0000000083300000|  0%| F|  |TAMS 0x0000000083200000, 0x0000000083200000| Untracked 
|  51|0x0000000083300000, 0x0000000083300000, 0x0000000083400000|  0%| F|  |TAMS 0x0000000083300000, 0x0000000083300000| Untracked 
|  52|0x0000000083400000, 0x0000000083400000, 0x0000000083500000|  0%| F|  |TAMS 0x0000000083400000, 0x0000000083400000| Untracked 
|  53|0x0000000083500000, 0x0000000083500000, 0x0000000083600000|  0%| F|  |TAMS 0x0000000083500000, 0x0000000083500000| Untracked 
|  54|0x0000000083600000, 0x0000000083600000, 0x0000000083700000|  0%| F|  |TAMS 0x0000000083600000, 0x0000000083600000| Untracked 
|  55|0x0000000083700000, 0x0000000083700000, 0x0000000083800000|  0%| F|  |TAMS 0x0000000083700000, 0x0000000083700000| Untracked 
|  56|0x0000000083800000, 0x0000000083800000, 0x0000000083900000|  0%| F|  |TAMS 0x0000000083800000, 0x0000000083800000| Untracked 
|  57|0x0000000083900000, 0x0000000083900000, 0x0000000083a00000|  0%| F|  |TAMS 0x0000000083900000, 0x0000000083900000| Untracked 
|  58|0x0000000083a00000, 0x0000000083a00000, 0x0000000083b00000|  0%| F|  |TAMS 0x0000000083a00000, 0x0000000083a00000| Untracked 
|  59|0x0000000083b00000, 0x0000000083b00000, 0x0000000083c00000|  0%| F|  |TAMS 0x0000000083b00000, 0x0000000083b00000| Untracked 
|  60|0x0000000083c00000, 0x0000000083c00000, 0x0000000083d00000|  0%| F|  |TAMS 0x0000000083c00000, 0x0000000083c00000| Untracked 
|  61|0x0000000083d00000, 0x0000000083d00000, 0x0000000083e00000|  0%| F|  |TAMS 0x0000000083d00000, 0x0000000083d00000| Untracked 
|  62|0x0000000083e00000, 0x0000000083e00000, 0x0000000083f00000|  0%| F|  |TAMS 0x0000000083e00000, 0x0000000083e00000| Untracked 
|  63|0x0000000083f00000, 0x0000000083f00000, 0x0000000084000000|  0%| F|  |TAMS 0x0000000083f00000, 0x0000000083f00000| Untracked 
|  64|0x0000000084000000, 0x0000000084000000, 0x0000000084100000|  0%| F|  |TAMS 0x0000000084000000, 0x0000000084000000| Untracked 
|  65|0x0000000084100000, 0x0000000084100000, 0x0000000084200000|  0%| F|  |TAMS 0x0000000084100000, 0x0000000084100000| Untracked 
|  66|0x0000000084200000, 0x0000000084200000, 0x0000000084300000|  0%| F|  |TAMS 0x0000000084200000, 0x0000000084200000| Untracked 
|  67|0x0000000084300000, 0x0000000084300000, 0x0000000084400000|  0%| F|  |TAMS 0x0000000084300000, 0x0000000084300000| Untracked 
|  68|0x0000000084400000, 0x0000000084400000, 0x0000000084500000|  0%| F|  |TAMS 0x0000000084400000, 0x0000000084400000| Untracked 
|  69|0x0000000084500000, 0x000000008454bc18, 0x0000000084600000| 29%| S|CS|TAMS 0x0000000084500000, 0x0000000084500000| Complete 
|  70|0x0000000084600000, 0x0000000084700000, 0x0000000084700000|100%| S|CS|TAMS 0x0000000084600000, 0x0000000084600000| Complete 
|  71|0x0000000084700000, 0x0000000084800000, 0x0000000084800000|100%| S|CS|TAMS 0x0000000084700000, 0x0000000084700000| Complete 
|  72|0x0000000084800000, 0x0000000084800000, 0x0000000084900000|  0%| F|  |TAMS 0x0000000084800000, 0x0000000084800000| Untracked 
|  73|0x0000000084900000, 0x0000000084900000, 0x0000000084a00000|  0%| F|  |TAMS 0x0000000084900000, 0x0000000084900000| Untracked 
|  74|0x0000000084a00000, 0x0000000084a00000, 0x0000000084b00000|  0%| F|  |TAMS 0x0000000084a00000, 0x0000000084a00000| Untracked 
|  75|0x0000000084b00000, 0x0000000084b00000, 0x0000000084c00000|  0%| F|  |TAMS 0x0000000084b00000, 0x0000000084b00000| Untracked 
|  76|0x0000000084c00000, 0x0000000084c00000, 0x0000000084d00000|  0%| F|  |TAMS 0x0000000084c00000, 0x0000000084c00000| Untracked 
|  77|0x0000000084d00000, 0x0000000084d00000, 0x0000000084e00000|  0%| F|  |TAMS 0x0000000084d00000, 0x0000000084d00000| Untracked 
|  78|0x0000000084e00000, 0x0000000084e00000, 0x0000000084f00000|  0%| F|  |TAMS 0x0000000084e00000, 0x0000000084e00000| Untracked 
|  79|0x0000000084f00000, 0x0000000084f00000, 0x0000000085000000|  0%| F|  |TAMS 0x0000000084f00000, 0x0000000084f00000| Untracked 
|  80|0x0000000085000000, 0x0000000085000000, 0x0000000085100000|  0%| F|  |TAMS 0x0000000085000000, 0x0000000085000000| Untracked 
|  81|0x0000000085100000, 0x0000000085100000, 0x0000000085200000|  0%| F|  |TAMS 0x0000000085100000, 0x0000000085100000| Untracked 
|  82|0x0000000085200000, 0x0000000085200000, 0x0000000085300000|  0%| F|  |TAMS 0x0000000085200000, 0x0000000085200000| Untracked 
|  83|0x0000000085300000, 0x0000000085300000, 0x0000000085400000|  0%| F|  |TAMS 0x0000000085300000, 0x0000000085300000| Untracked 
|  84|0x0000000085400000, 0x0000000085400000, 0x0000000085500000|  0%| F|  |TAMS 0x0000000085400000, 0x0000000085400000| Untracked 
|  85|0x0000000085500000, 0x0000000085500000, 0x0000000085600000|  0%| F|  |TAMS 0x0000000085500000, 0x0000000085500000| Untracked 
|  86|0x0000000085600000, 0x0000000085600000, 0x0000000085700000|  0%| F|  |TAMS 0x0000000085600000, 0x0000000085600000| Untracked 
|  87|0x0000000085700000, 0x0000000085700000, 0x0000000085800000|  0%| F|  |TAMS 0x0000000085700000, 0x0000000085700000| Untracked 
|  88|0x0000000085800000, 0x0000000085800000, 0x0000000085900000|  0%| F|  |TAMS 0x0000000085800000, 0x0000000085800000| Untracked 
|  89|0x0000000085900000, 0x0000000085900000, 0x0000000085a00000|  0%| F|  |TAMS 0x0000000085900000, 0x0000000085900000| Untracked 
|  90|0x0000000085a00000, 0x0000000085a00000, 0x0000000085b00000|  0%| F|  |TAMS 0x0000000085a00000, 0x0000000085a00000| Untracked 
|  91|0x0000000085b00000, 0x0000000085b00000, 0x0000000085c00000|  0%| F|  |TAMS 0x0000000085b00000, 0x0000000085b00000| Untracked 
|  92|0x0000000085c00000, 0x0000000085c00000, 0x0000000085d00000|  0%| F|  |TAMS 0x0000000085c00000, 0x0000000085c00000| Untracked 
|  93|0x0000000085d00000, 0x0000000085d00000, 0x0000000085e00000|  0%| F|  |TAMS 0x0000000085d00000, 0x0000000085d00000| Untracked 
|  94|0x0000000085e00000, 0x0000000085e00000, 0x0000000085f00000|  0%| F|  |TAMS 0x0000000085e00000, 0x0000000085e00000| Untracked 
|  95|0x0000000085f00000, 0x0000000085f00000, 0x0000000086000000|  0%| F|  |TAMS 0x0000000085f00000, 0x0000000085f00000| Untracked 
|  96|0x0000000086000000, 0x0000000086100000, 0x0000000086100000|100%| E|  |TAMS 0x0000000086000000, 0x0000000086000000| Complete 
|  97|0x0000000086100000, 0x0000000086200000, 0x0000000086200000|100%| E|CS|TAMS 0x0000000086100000, 0x0000000086100000| Complete 
|  98|0x0000000086200000, 0x0000000086300000, 0x0000000086300000|100%| E|CS|TAMS 0x0000000086200000, 0x0000000086200000| Complete 
|  99|0x0000000086300000, 0x0000000086400000, 0x0000000086400000|100%| E|CS|TAMS 0x0000000086300000, 0x0000000086300000| Complete 
| 100|0x0000000086400000, 0x0000000086500000, 0x0000000086500000|100%| E|CS|TAMS 0x0000000086400000, 0x0000000086400000| Complete 
| 101|0x0000000086500000, 0x0000000086600000, 0x0000000086600000|100%| E|CS|TAMS 0x0000000086500000, 0x0000000086500000| Complete 
| 102|0x0000000086600000, 0x0000000086700000, 0x0000000086700000|100%| E|CS|TAMS 0x0000000086600000, 0x0000000086600000| Complete 
| 103|0x0000000086700000, 0x0000000086800000, 0x0000000086800000|100%| E|CS|TAMS 0x0000000086700000, 0x0000000086700000| Complete 
| 104|0x0000000086800000, 0x0000000086900000, 0x0000000086900000|100%| E|CS|TAMS 0x0000000086800000, 0x0000000086800000| Complete 
| 105|0x0000000086900000, 0x0000000086a00000, 0x0000000086a00000|100%| E|CS|TAMS 0x0000000086900000, 0x0000000086900000| Complete 
| 106|0x0000000086a00000, 0x0000000086b00000, 0x0000000086b00000|100%| E|CS|TAMS 0x0000000086a00000, 0x0000000086a00000| Complete 
| 107|0x0000000086b00000, 0x0000000086c00000, 0x0000000086c00000|100%| E|CS|TAMS 0x0000000086b00000, 0x0000000086b00000| Complete 
| 108|0x0000000086c00000, 0x0000000086d00000, 0x0000000086d00000|100%| E|CS|TAMS 0x0000000086c00000, 0x0000000086c00000| Complete 
| 109|0x0000000086d00000, 0x0000000086e00000, 0x0000000086e00000|100%| E|CS|TAMS 0x0000000086d00000, 0x0000000086d00000| Complete 
| 110|0x0000000086e00000, 0x0000000086f00000, 0x0000000086f00000|100%| E|CS|TAMS 0x0000000086e00000, 0x0000000086e00000| Complete 
| 111|0x0000000086f00000, 0x0000000087000000, 0x0000000087000000|100%| E|CS|TAMS 0x0000000086f00000, 0x0000000086f00000| Complete 

Card table byte_map: [0x000001e118bc0000,0x000001e118fc0000] _byte_map_base: 0x000001e1187c0000

Marking Bits (Prev, Next): (CMBitMap*) 0x000001e1052799c8, (CMBitMap*) 0x000001e105279a00
 Prev Bits: [0x000001e1193c0000, 0x000001e11b3c0000)
 Next Bits: [0x000001e11b3c0000, 0x000001e11d3c0000)

Polling page: 0x000001e105320000

Metaspace:

Usage:
  Non-class:     50.78 MB capacity,    49.83 MB ( 98%) used,   842.28 KB (  2%) free+waste,   125.94 KB ( <1%) overhead. 
      Class:      7.39 MB capacity,     6.97 MB ( 94%) used,   377.72 KB (  5%) free+waste,    58.19 KB ( <1%) overhead. 
       Both:     58.17 MB capacity,    56.80 MB ( 98%) used,     1.19 MB (  2%) free+waste,   184.13 KB ( <1%) overhead. 

Virtual space:
  Non-class space:       52.00 MB reserved,      51.00 MB ( 98%) committed 
      Class space:        1.00 GB reserved,       7.50 MB ( <1%) committed 
             Both:        1.05 GB reserved,      58.50 MB (  5%) committed 

Chunk freelists:
   Non-Class:  36.00 KB
       Class:  12.00 KB
        Both:  48.00 KB

MaxMetaspaceSize: 17179869184.00 GB
CompressedClassSpaceSize: 1.00 GB

CodeHeap 'non-profiled nmethods': size=120000Kb used=2808Kb max_used=2808Kb free=117191Kb
 bounds [0x000001e110820000, 0x000001e110ae0000, 0x000001e117d50000]
CodeHeap 'profiled nmethods': size=120000Kb used=14129Kb max_used=14129Kb free=105870Kb
 bounds [0x000001e1092f0000, 0x000001e10a0c0000, 0x000001e110820000]
CodeHeap 'non-nmethods': size=5760Kb used=2313Kb max_used=2354Kb free=3446Kb
 bounds [0x000001e108d50000, 0x000001e108fc0000, 0x000001e1092f0000]
 total_blobs=6738 nmethods=5932 adapters=725
 compilation: enabled
              stopped_count=0, restarted_count=0
 full_count=0

Compilation events (20 events):
Event: 14.186 Thread 0x000001e11fea7000 5918       3       org.gradle.cache.internal.DefaultCrossBuildInMemoryCacheFactory$DefaultClassMap::getCacheScope (37 bytes)
Event: 14.188 Thread 0x000001e11fea7000 nmethod 5918 0x000001e10a098110 code [0x000001e10a0983a0, 0x000001e10a099208]
Event: 14.211 Thread 0x000001e11fea7000 5919       3       java.lang.invoke.MemberName::equals (69 bytes)
Event: 14.212 Thread 0x000001e11fea7000 nmethod 5919 0x000001e10a099690 code [0x000001e10a099940, 0x000001e10a09a658]
Event: 14.216 Thread 0x000001e11fea7000 5921       3       java.lang.invoke.MemberName::getFactory (4 bytes)
Event: 14.216 Thread 0x000001e11fea7000 nmethod 5921 0x000001e10a09aa10 code [0x000001e10a09abc0, 0x000001e10a09acb8]
Event: 14.243 Thread 0x000001e11fea7000 5922       3       org.gradle.internal.instantiation.generator.AbstractClassGenerator$ClassGenerationHandler::startType (1 bytes)
Event: 14.243 Thread 0x000001e11fea7000 nmethod 5922 0x000001e10a09ad10 code [0x000001e10a09aec0, 0x000001e10a09afb8]
Event: 14.243 Thread 0x000001e11fea7000 5923       3       com.google.common.collect.ImmutableMap$Builder::put (53 bytes)
Event: 14.243 Thread 0x000001e11fea7000 nmethod 5923 0x000001e10a09b090 code [0x000001e10a09b280, 0x000001e10a09b738]
Event: 14.256 Thread 0x000001e11fea7000 5924       3       com.google.common.collect.ImmutableSet$Builder::build (165 bytes)
Event: 14.258 Thread 0x000001e11fea7000 nmethod 5924 0x000001e10a09b910 code [0x000001e10a09bbe0, 0x000001e10a09ca88]
Event: 14.258 Thread 0x000001e11fea7000 5925       3       org.gradle.internal.event.DefaultListenerManager$EventBroadcast$ListenerDispatch::dispatch (9 bytes)
Event: 14.258 Thread 0x000001e11fea7000 nmethod 5925 0x000001e10a09d010 code [0x000001e10a09d1e0, 0x000001e10a09d428]
Event: 14.264 Thread 0x000001e11fea7000 5926       1       org.gradle.api.internal.collections.AbstractIterationOrderRetainingElementSource$Element::isRealized (5 bytes)
Event: 14.264 Thread 0x000001e11fea7000 nmethod 5926 0x000001e110ad9890 code [0x000001e110ad9a40, 0x000001e110ad9af8]
Event: 14.275 Thread 0x000001e11fea7000 5927       3       com.google.common.collect.ImmutableSet$Builder::<init> (6 bytes)
Event: 14.275 Thread 0x000001e11fea7000 nmethod 5927 0x000001e10a09d510 code [0x000001e10a09d6e0, 0x000001e10a09da48]
Event: 14.281 Thread 0x000001e11fea7000 5928       1       org.gradle.internal.instantiation.generator.AbstractClassGenerator$MethodMetadata::getGenericReturnType (5 bytes)
Event: 14.282 Thread 0x000001e11fea7000 nmethod 5928 0x000001e110ad9b90 code [0x000001e110ad9d40, 0x000001e110ad9df8]

GC Heap History (20 events):
Event: 5.931 GC heap before
{Heap before GC invocations=1 (full 0):
 garbage-first heap   total 114688K, used 72993K [0x0000000080000000, 0x0000000100000000)
  region size 1024K, 67 young (68608K), 3 survivors (3072K)
 Metaspace       used 17852K, capacity 18224K, committed 18432K, reserved 1064960K
  class space    used 2107K, capacity 2230K, committed 2304K, reserved 1048576K
}
Event: 5.939 GC heap after
{Heap after GC invocations=2 (full 0):
 garbage-first heap   total 114688K, used 15732K [0x0000000080000000, 0x0000000100000000)
  region size 1024K, 9 young (9216K), 9 survivors (9216K)
 Metaspace       used 17852K, capacity 18224K, committed 18432K, reserved 1064960K
  class space    used 2107K, capacity 2230K, committed 2304K, reserved 1048576K
}
Event: 6.425 GC heap before
{Heap before GC invocations=2 (full 0):
 garbage-first heap   total 114688K, used 34164K [0x0000000080000000, 0x0000000100000000)
  region size 1024K, 29 young (29696K), 9 survivors (9216K)
 Metaspace       used 20733K, capacity 21222K, committed 21296K, reserved 1069056K
  class space    used 2520K, capacity 2680K, committed 2688K, reserved 1048576K
}
Event: 6.433 GC heap after
{Heap after GC invocations=3 (full 0):
 garbage-first heap   total 114688K, used 16864K [0x0000000080000000, 0x0000000100000000)
  region size 1024K, 1 young (1024K), 1 survivors (1024K)
 Metaspace       used 20733K, capacity 21222K, committed 21296K, reserved 1069056K
  class space    used 2520K, capacity 2680K, committed 2688K, reserved 1048576K
}
Event: 7.434 GC heap before
{Heap before GC invocations=4 (full 0):
 garbage-first heap   total 114688K, used 58848K [0x0000000080000000, 0x0000000100000000)
  region size 1024K, 42 young (43008K), 1 survivors (1024K)
 Metaspace       used 25600K, capacity 26202K, committed 26368K, reserved 1073152K
  class space    used 3296K, capacity 3534K, committed 3584K, reserved 1048576K
}
Event: 7.437 GC heap after
{Heap after GC invocations=5 (full 0):
 garbage-first heap   total 114688K, used 18330K [0x0000000080000000, 0x0000000100000000)
  region size 1024K, 3 young (3072K), 3 survivors (3072K)
 Metaspace       used 25600K, capacity 26202K, committed 26368K, reserved 1073152K
  class space    used 3296K, capacity 3534K, committed 3584K, reserved 1048576K
}
Event: 8.379 GC heap before
{Heap before GC invocations=5 (full 0):
 garbage-first heap   total 114688K, used 64410K [0x0000000080000000, 0x0000000100000000)
  region size 1024K, 48 young (49152K), 3 survivors (3072K)
 Metaspace       used 31881K, capacity 32536K, committed 32640K, reserved 1077248K
  class space    used 4169K, capacity 4389K, committed 4480K, reserved 1048576K
}
Event: 8.384 GC heap after
{Heap after GC invocations=6 (full 0):
 garbage-first heap   total 114688K, used 19944K [0x0000000080000000, 0x0000000100000000)
  region size 1024K, 4 young (4096K), 4 survivors (4096K)
 Metaspace       used 31881K, capacity 32536K, committed 32640K, reserved 1077248K
  class space    used 4169K, capacity 4389K, committed 4480K, reserved 1048576K
}
Event: 8.944 GC heap before
{Heap before GC invocations=6 (full 0):
 garbage-first heap   total 114688K, used 40424K [0x0000000080000000, 0x0000000100000000)
  region size 1024K, 26 young (26624K), 4 survivors (4096K)
 Metaspace       used 35225K, capacity 35868K, committed 35968K, reserved 1081344K
  class space    used 4423K, capacity 4687K, committed 4736K, reserved 1048576K
}
Event: 8.954 GC heap after
{Heap after GC invocations=7 (full 0):
 garbage-first heap   total 114688K, used 21398K [0x0000000080000000, 0x0000000100000000)
  region size 1024K, 5 young (5120K), 5 survivors (5120K)
 Metaspace       used 35225K, capacity 35868K, committed 35968K, reserved 1081344K
  class space    used 4423K, capacity 4687K, committed 4736K, reserved 1048576K
}
Event: 10.078 GC heap before
{Heap before GC invocations=8 (full 0):
 garbage-first heap   total 114688K, used 69526K [0x0000000080000000, 0x0000000100000000)
  region size 1024K, 49 young (50176K), 5 survivors (5120K)
 Metaspace       used 42764K, capacity 43514K, committed 43776K, reserved 1087488K
  class space    used 5301K, capacity 5575K, committed 5632K, reserved 1048576K
}
Event: 10.088 GC heap after
{Heap after GC invocations=9 (full 0):
 garbage-first heap   total 114688K, used 25008K [0x0000000080000000, 0x0000000100000000)
  region size 1024K, 7 young (7168K), 7 survivors (7168K)
 Metaspace       used 42764K, capacity 43514K, committed 43776K, reserved 1087488K
  class space    used 5301K, capacity 5575K, committed 5632K, reserved 1048576K
}
Event: 11.150 GC heap before
{Heap before GC invocations=9 (full 0):
 garbage-first heap   total 114688K, used 71088K [0x0000000080000000, 0x0000000100000000)
  region size 1024K, 52 young (53248K), 7 survivors (7168K)
 Metaspace       used 45066K, capacity 45930K, committed 46080K, reserved 1089536K
  class space    used 5508K, capacity 5804K, committed 5888K, reserved 1048576K
}
Event: 11.158 GC heap after
{Heap after GC invocations=10 (full 0):
 garbage-first heap   total 114688K, used 27706K [0x0000000080000000, 0x0000000100000000)
  region size 1024K, 3 young (3072K), 3 survivors (3072K)
 Metaspace       used 45066K, capacity 45930K, committed 46080K, reserved 1089536K
  class space    used 5508K, capacity 5804K, committed 5888K, reserved 1048576K
}
Event: 11.970 GC heap before
{Heap before GC invocations=10 (full 0):
 garbage-first heap   total 114688K, used 74810K [0x0000000080000000, 0x0000000100000000)
  region size 1024K, 49 young (50176K), 3 survivors (3072K)
 Metaspace       used 48970K, capacity 50043K, committed 50176K, reserved 1093632K
  class space    used 6047K, capacity 6400K, committed 6400K, reserved 1048576K
}
Event: 11.977 GC heap after
{Heap after GC invocations=11 (full 0):
 garbage-first heap   total 114688K, used 29895K [0x0000000080000000, 0x0000000100000000)
  region size 1024K, 5 young (5120K), 5 survivors (5120K)
 Metaspace       used 48970K, capacity 50043K, committed 50176K, reserved 1093632K
  class space    used 6047K, capacity 6400K, committed 6400K, reserved 1048576K
}
Event: 12.887 GC heap before
{Heap before GC invocations=11 (full 0):
 garbage-first heap   total 114688K, used 80071K [0x0000000080000000, 0x0000000100000000)
  region size 1024K, 52 young (53248K), 5 survivors (5120K)
 Metaspace       used 50531K, capacity 51653K, committed 51968K, reserved 1095680K
  class space    used 6200K, capacity 6589K, committed 6656K, reserved 1048576K
}
Event: 12.896 GC heap after
{Heap after GC invocations=12 (full 0):
 garbage-first heap   total 114688K, used 41452K [0x0000000080000000, 0x0000000100000000)
  region size 1024K, 7 young (7168K), 7 survivors (7168K)
 Metaspace       used 50531K, capacity 51653K, committed 51968K, reserved 1095680K
  class space    used 6200K, capacity 6589K, committed 6656K, reserved 1048576K
}
Event: 13.907 GC heap before
{Heap before GC invocations=12 (full 0):
 garbage-first heap   total 114688K, used 82412K [0x0000000080000000, 0x0000000100000000)
  region size 1024K, 47 young (48128K), 7 survivors (7168K)
 Metaspace       used 56013K, capacity 57355K, committed 57600K, reserved 1099776K
  class space    used 6856K, capacity 7328K, committed 7424K, reserved 1048576K
}
Event: 13.914 GC heap after
{Heap after GC invocations=13 (full 0):
 garbage-first heap   total 114688K, used 44460K [0x0000000080000000, 0x0000000100000000)
  region size 1024K, 3 young (3072K), 3 survivors (3072K)
 Metaspace       used 56013K, capacity 57355K, committed 57600K, reserved 1099776K
  class space    used 6856K, capacity 7328K, committed 7424K, reserved 1048576K
}

Deoptimization events (20 events):
Event: 14.308 Thread 0x000001e122b37800 DEOPT UNPACKING pc=0x000001e108d8c1ce sp=0x0000008306cf0b28 mode 1
Event: 14.308 Thread 0x000001e122b37800 DEOPT PACKING pc=0x000001e110acb348 sp=0x0000008306cf17c0
Event: 14.308 Thread 0x000001e122b37800 DEOPT UNPACKING pc=0x000001e108d8c1ce sp=0x0000008306cf0c78 mode 1
Event: 14.308 Thread 0x000001e122b37800 DEOPT PACKING pc=0x000001e109fdddc1 sp=0x0000008306cf1750
Event: 14.308 Thread 0x000001e122b37800 DEOPT UNPACKING pc=0x000001e108d8c1ce sp=0x0000008306cf0c08 mode 1
Event: 14.308 Thread 0x000001e122b37800 DEOPT PACKING pc=0x000001e109fd4ff4 sp=0x0000008306cf1870
Event: 14.308 Thread 0x000001e122b37800 DEOPT UNPACKING pc=0x000001e108d8c1ce sp=0x0000008306cf0d18 mode 1
Event: 14.308 Thread 0x000001e122b37800 DEOPT PACKING pc=0x000001e110acb348 sp=0x0000008306cf18e0
Event: 14.308 Thread 0x000001e122b37800 DEOPT UNPACKING pc=0x000001e108d8c1ce sp=0x0000008306cf0d98 mode 1
Event: 14.310 Thread 0x000001e122b37800 DEOPT PACKING pc=0x000001e109fdb6f4 sp=0x0000008306cee620
Event: 14.310 Thread 0x000001e122b37800 DEOPT UNPACKING pc=0x000001e108d8c1ce sp=0x0000008306cedaa8 mode 1
Event: 14.310 Thread 0x000001e122b37800 DEOPT PACKING pc=0x000001e110acb348 sp=0x0000008306cee740
Event: 14.310 Thread 0x000001e122b37800 DEOPT UNPACKING pc=0x000001e108d8c1ce sp=0x0000008306cedbf8 mode 1
Event: 14.310 Thread 0x000001e122b37800 DEOPT PACKING pc=0x000001e109fdddc1 sp=0x0000008306cee6d0
Event: 14.310 Thread 0x000001e122b37800 DEOPT UNPACKING pc=0x000001e108d8c1ce sp=0x0000008306cedb88 mode 1
Event: 14.310 Thread 0x000001e122b37800 DEOPT PACKING pc=0x000001e109fd4ff4 sp=0x0000008306cee7f0
Event: 14.310 Thread 0x000001e122b37800 DEOPT UNPACKING pc=0x000001e108d8c1ce sp=0x0000008306cedc98 mode 1
Event: 14.310 Thread 0x000001e122b37800 DEOPT PACKING pc=0x000001e110acb348 sp=0x0000008306cee860
Event: 14.310 Thread 0x000001e122b37800 DEOPT UNPACKING pc=0x000001e108d8c1ce sp=0x0000008306cedd18 mode 1
Event: 14.313 Thread 0x000001e122b37800 DEOPT PACKING pc=0x000001e109fdb6f4 sp=0x0000008306cf5f80

Classes redefined (0 events):
No events

Internal exceptions (20 events):
Event: 12.999 Thread 0x000001e12206c000 Exception <a 'java/lang/NoSuchMethodError'{0x0000000086aa90b0}: <clinit>> (0x0000000086aa90b0) thrown at [./src/hotspot/share/prims/jni.cpp, line 1362]
Event: 12.999 Thread 0x000001e12206c000 Exception <a 'java/lang/NoSuchMethodError'{0x0000000086aaa428}: <clinit>> (0x0000000086aaa428) thrown at [./src/hotspot/share/prims/jni.cpp, line 1362]
Event: 12.999 Thread 0x000001e12206c000 Exception <a 'java/lang/NoSuchMethodError'{0x0000000086aaf8f8}: <clinit>> (0x0000000086aaf8f8) thrown at [./src/hotspot/share/prims/jni.cpp, line 1362]
Event: 12.999 Thread 0x000001e12206c000 Exception <a 'java/lang/NoSuchMethodError'{0x0000000086ab0918}: <clinit>> (0x0000000086ab0918) thrown at [./src/hotspot/share/prims/jni.cpp, line 1362]
Event: 13.001 Thread 0x000001e12206c000 Exception <a 'java/lang/NoSuchMethodError'{0x0000000086abb2e8}: <clinit>> (0x0000000086abb2e8) thrown at [./src/hotspot/share/prims/jni.cpp, line 1362]
Event: 13.003 Thread 0x000001e12206c000 Exception <a 'java/lang/NoSuchMethodError'{0x0000000086ac6120}: <clinit>> (0x0000000086ac6120) thrown at [./src/hotspot/share/prims/jni.cpp, line 1362]
Event: 13.007 Thread 0x000001e12206c000 Exception <a 'java/lang/NoSuchMethodError'{0x0000000086adb6d8}: <clinit>> (0x0000000086adb6d8) thrown at [./src/hotspot/share/prims/jni.cpp, line 1362]
Event: 13.020 Thread 0x000001e122b37800 Exception <a 'java/lang/ClassNotFoundException'{0x000000008694b1c0}: build_m120r5nopw261ya6c4sqfo10BeanInfo> (0x000000008694b1c0) thrown at [./src/hotspot/share/classfile/systemDictionary.cpp, line 231]
Event: 13.020 Thread 0x000001e122b37800 Exception <a 'java/lang/ClassNotFoundException'{0x0000000086953fa8}: build_m120r5nopw261ya6c4sqfo10Customizer> (0x0000000086953fa8) thrown at [./src/hotspot/share/classfile/systemDictionary.cpp, line 231]
Event: 13.029 Thread 0x000001e122b37800 Exception <a 'java/lang/ClassNotFoundException'{0x00000000869c4498}: org/gradle/plugin/use/internal/PluginRequestCollector$PluginDependenciesSpecImplBeanInfo> (0x00000000869c4498) thrown at [./src/hotspot/share/classfile/systemDictionary.cpp, line 231]
Event: 13.030 Thread 0x000001e122b37800 Exception <a 'java/lang/ClassNotFoundException'{0x00000000869ea208}: org/gradle/plugin/use/internal/PluginRequestCollector$PluginDependenciesSpecImplCustomizer> (0x00000000869ea208) thrown at [./src/hotspot/share/classfile/systemDictionary.cpp, line 231]
Event: 13.040 Thread 0x000001e122b37800 Exception <a 'java/lang/NoSuchMethodError'{0x0000000086862cf8}: 'void java.lang.invoke.DirectMethodHandle$Holder.invokeInterface(java.lang.Object, java.lang.Object)'> (0x0000000086862cf8) thrown at [./src/hotspot/share/interpreter/linkResolver.cpp, line 773]
Event: 13.083 Thread 0x000001e122b37800 Exception <a 'java/lang/ClassNotFoundException'{0x000000008666ae30}: org/gradle/api/internal/plugins/DefaultObjectConfigurationActionBeanInfo> (0x000000008666ae30) thrown at [./src/hotspot/share/classfile/systemDictionary.cpp, line 231]
Event: 13.085 Thread 0x000001e122b37800 Exception <a 'java/lang/ClassNotFoundException'{0x0000000086696e00}: org/gradle/api/internal/plugins/DefaultObjectConfigurationActionCustomizer> (0x0000000086696e00) thrown at [./src/hotspot/share/classfile/systemDictionary.cpp, line 231]
Event: 13.379 Thread 0x000001e122b37800 Exception <a 'java/lang/NoSuchMethodError'{0x0000000085d951f8}: 'java.lang.Object java.lang.invoke.DirectMethodHandle$Holder.invokeStatic(java.lang.Object, java.lang.Object, java.lang.Object, java.lang.Object, int)'> (0x0000000085d951f8) thrown at [./src/hotspot/share/interpreter/linkResolver.cpp, line 773]
Event: 13.381 Thread 0x000001e122b37800 Exception <a 'java/lang/NoSuchMethodError'{0x0000000085d99bf0}: 'java.lang.Object java.lang.invoke.DirectMethodHandle$Holder.invokeSpecial(java.lang.Object, java.lang.Object, java.lang.Object, java.lang.Object, java.lang.Object, int)'> (0x0000000085d99bf0) thrown at [./src/hotspot/share/interpreter/linkResolver.cpp, line 773]
Event: 13.382 Thread 0x000001e122b37800 Exception <a 'java/lang/NoSuchMethodError'{0x0000000085d9e230}: 'java.lang.Object java.lang.invoke.Invokers$Holder.linkToTargetMethod(java.lang.Object, java.lang.Object, java.lang.Object, int, java.lang.Object)'> (0x0000000085d9e230) thrown at [./src/hotspot/share/interpreter/linkResolver.cpp, line 773]
Event: 13.858 Thread 0x000001e122b37800 Exception <a 'java/lang/NoSuchMethodError'{0x000000008490f818}: 'java.lang.Object java.lang.invoke.DirectMethodHandle$Holder.invokeSpecial(java.lang.Object, java.lang.Object, int, int, java.lang.Object, java.lang.Object, java.lang.Object)'> (0x000000008490f818) thrown at [./src/hotspot/share/interpreter/linkResolver.cpp, line 773]
Event: 13.859 Thread 0x000001e122b37800 Exception <a 'java/lang/NoSuchMethodError'{0x0000000084913d98}: 'java.lang.Object java.lang.invoke.DelegatingMethodHandle$Holder.reinvoke_L(java.lang.Object, int, int, java.lang.Object, java.lang.Object, java.lang.Object)'> (0x0000000084913d98) thrown at [./src/hotspot/share/interpreter/linkResolver.cpp, line 773]
Event: 14.216 Thread 0x000001e122b37800 Exception <a 'java/lang/NoSuchMethodError'{0x00000000865c9a68}: 'int java.lang.invoke.DirectMethodHandle$Holder.invokeInterface(java.lang.Object, java.lang.Object, java.lang.Object, java.lang.Object)'> (0x00000000865c9a68) thrown at [./src/hotspot/share/interpreter/linkResolver.cpp, line 773]

Events (20 events):
Event: 14.298 loading class com/google/wireless/android/sdk/stats/GradleProjectOptionsSettings
Event: 14.298 loading class com/google/wireless/android/sdk/stats/GradleProjectOptionsSettings done
Event: 14.300 loading class com/google/wireless/android/sdk/stats/GradleBuildProjectMetrics
Event: 14.300 loading class com/google/wireless/android/sdk/stats/GradleBuildProjectMetrics done
Event: 14.303 loading class com/google/common/cache/LocalCache$LoadingValueReference
Event: 14.303 loading class com/google/common/cache/LocalCache$LoadingValueReference done
Event: 14.304 loading class com/google/common/util/concurrent/ListenableFuture
Event: 14.304 loading class com/google/common/util/concurrent/ListenableFuture done
Event: 14.305 loading class com/google/common/util/concurrent/SettableFuture
Event: 14.305 loading class com/google/common/util/concurrent/SettableFuture done
Event: 14.305 loading class com/google/common/util/concurrent/AbstractFuture$TrustedFuture
Event: 14.305 loading class com/google/common/util/concurrent/AbstractFuture$TrustedFuture done
Event: 14.307 loading class com/google/common/util/concurrent/AbstractFuture$Trusted
Event: 14.307 loading class com/google/common/util/concurrent/AbstractFuture$Trusted done
Event: 14.308 loading class com/google/common/util/concurrent/AbstractFuture
Event: 14.308 loading class com/google/common/util/concurrent/AbstractFuture done
Event: 14.310 loading class com/google/common/util/concurrent/internal/InternalFutureFailureAccess
Event: 14.310 loading class com/google/common/util/concurrent/internal/InternalFutureFailureAccess done
Event: 14.313 loading class com/google/common/util/concurrent/AbstractFuture$AtomicHelper
Event: 14.313 loading class com/google/common/util/concurrent/AbstractFuture$AtomicHelper done


Dynamic libraries:
0x00007ff676db0000 - 0x00007ff676dba000 	C:\Program Files\Android\Android Studio\jre\bin\java.exe
0x00007ffdf8c90000 - 0x00007ffdf8e85000 	C:\Windows\SYSTEM32\ntdll.dll
0x00007ffdf7fc0000 - 0x00007ffdf807e000 	C:\Windows\System32\KERNEL32.DLL
0x00007ffdf6480000 - 0x00007ffdf6748000 	C:\Windows\System32\KERNELBASE.dll
0x00007ffdf6990000 - 0x00007ffdf6a90000 	C:\Windows\System32\ucrtbase.dll
0x00007ffdf15c0000 - 0x00007ffdf15d7000 	C:\Program Files\Android\Android Studio\jre\bin\VCRUNTIME140.dll
0x00007ffdf15a0000 - 0x00007ffdf15b9000 	C:\Program Files\Android\Android Studio\jre\bin\jli.dll
0x00007ffdf75f0000 - 0x00007ffdf7791000 	C:\Windows\System32\USER32.dll
0x00007ffdf68b0000 - 0x00007ffdf68d2000 	C:\Windows\System32\win32u.dll
0x00007ffdd6740000 - 0x00007ffdd69da000 	C:\Windows\WinSxS\amd64_microsoft.windows.common-controls_6595b64144ccf1df_6.0.19041.1110_none_60b5254171f9507e\COMCTL32.dll
0x00007ffdf89d0000 - 0x00007ffdf89fb000 	C:\Windows\System32\GDI32.dll
0x00007ffdf7490000 - 0x00007ffdf752e000 	C:\Windows\System32\msvcrt.dll
0x00007ffdf6a90000 - 0x00007ffdf6b9b000 	C:\Windows\System32\gdi32full.dll
0x00007ffdf63b0000 - 0x00007ffdf644d000 	C:\Windows\System32\msvcp_win.dll
0x00007ffdf78f0000 - 0x00007ffdf7920000 	C:\Windows\System32\IMM32.DLL
0x00007ffdc57c0000 - 0x00007ffdc585d000 	C:\Program Files\Android\Android Studio\jre\bin\msvcp140.dll
0x00007ffd937a0000 - 0x00007ffd9426f000 	C:\Program Files\Android\Android Studio\jre\bin\server\jvm.dll
0x00007ffdf7d50000 - 0x00007ffdf7dfc000 	C:\Windows\System32\ADVAPI32.dll
0x00007ffdf7ca0000 - 0x00007ffdf7d3b000 	C:\Windows\System32\sechost.dll
0x00007ffdf7360000 - 0x00007ffdf748a000 	C:\Windows\System32\RPCRT4.dll
0x00007ffdf7fb0000 - 0x00007ffdf7fb8000 	C:\Windows\System32\PSAPI.DLL
0x00007ffdeed90000 - 0x00007ffdeed9a000 	C:\Windows\SYSTEM32\VERSION.dll
0x00007ffde9120000 - 0x00007ffde9129000 	C:\Windows\SYSTEM32\WSOCK32.dll
0x00007ffdf77a0000 - 0x00007ffdf780b000 	C:\Windows\System32\WS2_32.dll
0x00007ffdf3870000 - 0x00007ffdf3897000 	C:\Windows\SYSTEM32\WINMM.dll
0x00007ffdf4c80000 - 0x00007ffdf4c92000 	C:\Windows\SYSTEM32\kernel.appcore.dll
0x00007ffdf1500000 - 0x00007ffdf1511000 	C:\Program Files\Android\Android Studio\jre\bin\verify.dll
0x00007ffdf46e0000 - 0x00007ffdf48c4000 	C:\Windows\SYSTEM32\DBGHELP.DLL
0x00007ffde8ea0000 - 0x00007ffde8ecc000 	C:\Windows\SYSTEM32\dbgcore.DLL
0x00007ffdf6ba0000 - 0x00007ffdf6c23000 	C:\Windows\System32\bcryptPrimitives.dll
0x00007ffdf07a0000 - 0x00007ffdf07c9000 	C:\Program Files\Android\Android Studio\jre\bin\java.dll
0x00007ffdf1600000 - 0x00007ffdf160b000 	C:\Program Files\Android\Android Studio\jre\bin\jimage.dll
0x00007ffdc6140000 - 0x00007ffdc6179000 	C:\Program Files\Android\Android Studio\jre\bin\jdwp.dll
0x00007ffde5390000 - 0x00007ffde53a8000 	C:\Program Files\Android\Android Studio\jre\bin\zip.dll
0x00007ffdf8080000 - 0x00007ffdf87bf000 	C:\Windows\System32\SHELL32.dll
0x00007ffdf3e80000 - 0x00007ffdf4610000 	C:\Windows\SYSTEM32\windows.storage.dll
0x00007ffdf7940000 - 0x00007ffdf7c95000 	C:\Windows\System32\combase.dll
0x00007ffdf5d30000 - 0x00007ffdf5d5e000 	C:\Windows\SYSTEM32\Wldp.dll
0x00007ffdf8890000 - 0x00007ffdf893d000 	C:\Windows\System32\SHCORE.dll
0x00007ffdf7590000 - 0x00007ffdf75e5000 	C:\Windows\System32\shlwapi.dll
0x00007ffdf62f0000 - 0x00007ffdf630f000 	C:\Windows\SYSTEM32\profapi.dll
0x00007ffdc6130000 - 0x00007ffdc613b000 	C:\Program Files\Android\Android Studio\jre\bin\dt_socket.dll
0x00007ffdf5a90000 - 0x00007ffdf5afa000 	C:\Windows\system32\mswsock.dll
0x00007ffddae70000 - 0x00007ffddae8a000 	C:\Program Files\Android\Android Studio\jre\bin\net.dll
0x00007ffde98f0000 - 0x00007ffde99fc000 	C:\Windows\SYSTEM32\WINHTTP.dll
0x00007ffddae50000 - 0x00007ffddae64000 	C:\Program Files\Android\Android Studio\jre\bin\nio.dll
0x00007ffdc5860000 - 0x00007ffdc5887000 	C:\Users\Ashu_Upmi\.gradle\native\fdc75f09e3144964f2cf3f50f0aa648679c211496f362492102eb8c894070792\windows-amd64\native-platform.dll
0x00007ffd8b160000 - 0x00007ffd8b2f6000 	C:\Users\Ashu_Upmi\.gradle\native\12488b8bf47d2d4c9fbf2f6322a914ad602e24e48041cd04a747c6da556b65c4\windows-amd64\native-platform-file-events.dll
0x00007ffdf1540000 - 0x00007ffdf154a000 	C:\Program Files\Android\Android Studio\jre\bin\management.dll
0x00007ffdf14f0000 - 0x00007ffdf14fc000 	C:\Program Files\Android\Android Studio\jre\bin\management_ext.dll
0x00007ffdf5c80000 - 0x00007ffdf5c98000 	C:\Windows\SYSTEM32\CRYPTSP.dll
0x00007ffdf5410000 - 0x00007ffdf5444000 	C:\Windows\system32\rsaenh.dll
0x00007ffdf6450000 - 0x00007ffdf6477000 	C:\Windows\System32\bcrypt.dll
0x00007ffdf62b0000 - 0x00007ffdf62de000 	C:\Windows\SYSTEM32\USERENV.dll
0x00007ffdf5ca0000 - 0x00007ffdf5cac000 	C:\Windows\SYSTEM32\CRYPTBASE.dll
0x00007ffdf5780000 - 0x00007ffdf57bb000 	C:\Windows\SYSTEM32\IPHLPAPI.DLL
0x00007ffdf7d40000 - 0x00007ffdf7d48000 	C:\Windows\System32\NSI.dll
0x00007ffdee5b0000 - 0x00007ffdee5c7000 	C:\Windows\SYSTEM32\dhcpcsvc6.DLL
0x00007ffdee610000 - 0x00007ffdee62d000 	C:\Windows\SYSTEM32\dhcpcsvc.DLL
0x00007ffdf57c0000 - 0x00007ffdf588b000 	C:\Windows\SYSTEM32\DNSAPI.dll
0x00007ffdeef00000 - 0x00007ffdeef0b000 	C:\Windows\SYSTEM32\WINNSI.DLL

dbghelp: loaded successfully - version: 4.0.5 - missing functions: none
symbol engine: initialized successfully - sym options: 0x614 - pdb path: .;C:\Program Files\Android\Android Studio\jre\bin;C:\Windows\SYSTEM32;C:\Windows\WinSxS\amd64_microsoft.windows.common-controls_6595b64144ccf1df_6.0.19041.1110_none_60b5254171f9507e;C:\Program Files\Android\Android Studio\jre\bin\server;C:\Users\Ashu_Upmi\.gradle\native\fdc75f09e3144964f2cf3f50f0aa648679c211496f362492102eb8c894070792\windows-amd64;C:\Users\Ashu_Upmi\.gradle\native\12488b8bf47d2d4c9fbf2f6322a914ad602e24e48041cd04a747c6da556b65c4\windows-amd64

VM Arguments:
jvm_args: -agentlib:jdwp=transport=dt_socket,server=n,suspend=y,address=127.0.0.1:57171 --add-opens=java.base/java.util=ALL-UNNAMED --add-opens=java.base/java.lang=ALL-UNNAMED --add-opens=java.base/java.lang.invoke=ALL-UNNAMED --add-opens=java.prefs/java.util.prefs=ALL-UNNAMED -Xmx2048m -Dfile.encoding=UTF-8 -Duser.country=IN -Duser.language=en -Duser.variant 
java_command: org.gradle.launcher.daemon.bootstrap.GradleDaemon 6.7.1
java_class_path (initial): C:\Users\Ashu_Upmi\.gradle\wrapper\dists\gradle-6.7.1-bin\bwlcbys1h7rz3272sye1xwiv6\gradle-6.7.1\lib\gradle-launcher-6.7.1.jar
Launcher Type: SUN_STANDARD

[Global flags]
     intx CICompilerCount                          = 4                                         {product} {ergonomic}
     uint ConcGCThreads                            = 2                                         {product} {ergonomic}
     uint G1ConcRefinementThreads                  = 8                                         {product} {ergonomic}
   size_t G1HeapRegionSize                         = 1048576                                   {product} {ergonomic}
    uintx GCDrainStackTargetSize                   = 64                                        {product} {ergonomic}
   size_t InitialHeapSize                          = 117440512                                 {product} {ergonomic}
   size_t MarkStackSize                            = 4194304                                   {product} {ergonomic}
   size_t MaxHeapSize                              = 2147483648                                {product} {command line}
   size_t MaxNewSize                               = 1287651328                                {product} {ergonomic}
   size_t MinHeapDeltaBytes                        = 1048576                                   {product} {ergonomic}
    uintx NonNMethodCodeHeapSize                   = 5836300                                {pd product} {ergonomic}
    uintx NonProfiledCodeHeapSize                  = 122910970                              {pd product} {ergonomic}
    uintx ProfiledCodeHeapSize                     = 122910970                              {pd product} {ergonomic}
    uintx ReservedCodeCacheSize                    = 251658240                              {pd product} {ergonomic}
     bool SegmentedCodeCache                       = true                                      {product} {ergonomic}
     bool UseCompressedClassPointers               = true                                 {lp64_product} {ergonomic}
     bool UseCompressedOops                        = true                                 {lp64_product} {ergonomic}
     bool UseG1GC                                  = true                                      {product} {ergonomic}
     bool UseLargePagesIndividualAllocation        = false                                  {pd product} {ergonomic}

Logging:
Log output configuration:
 #0: stdout all=warning uptime,level,tags
 #1: stderr all=off uptime,level,tags

Environment Variables:
PATH=C:\Program Files\Common Files\Oracle\Java\javapath;C:\Windows\system32;C:\Windows;C:\Windows\System32\Wbem;C:\Windows\System32\WindowsPowerShell\v1.0\;C:\Windows\System32\OpenSSH\;C:\Program Files\Git\cmd;C:\Program Files\nodejs\;C:\Users\Ashu_Upmi\AppData\Local\Microsoft\WindowsApps;;C:\Users\Ashu_Upmi\AppData\Local\Programs\Microsoft VS Code\bin;C:\Users\Ashu_Upmi\AppData\Roaming\npm;C:\Program Files\heroku\bin
USERNAME=Ashu_Upmi
OS=Windows_NT
PROCESSOR_IDENTIFIER=AMD64 Family 23 Model 24 Stepping 1, AuthenticAMD



---------------  S Y S T E M  ---------------

OS: Windows 10 , 64 bit Build 19041 (10.0.19041.1348)
OS uptime: 4 days 11:10 hours

CPU:total 8 (initial active 8) (8 cores per cpu, 2 threads per core) family 23 model 24 stepping 1 microcode 0x0, cmov, cx8, fxsr, mmx, sse, sse2, sse3, ssse3, sse4.1, sse4.2, popcnt, avx, avx2, aes, clmul, mmxext, 3dnowpref, lzcnt, sse4a, ht, tsc, tscinvbit, tscinv, bmi1, bmi2, adx, s

Memory: 4k page, system-wide physical 7103M (241M free)
TotalPageFile size 17281M (AvailPageFile size 8M)
current process WorkingSet (physical memory assigned to process): 300M, peak: 304M
current process commit charge ("private bytes"): 345M, peak: 348M

vm_info: OpenJDK 64-Bit Server VM (11.0.10+0-b96-7249189) for windows-amd64 JRE (11.0.10+0-b96-7249189), built on Mar 31 2021 21:44:00 by "builder" with MS VC++ 14.0 (VS2015)

END.
